<?xml version="1.0" encoding="UTF-8"?>
<testng-results total="6" passed="0" failed="6" skipped="0">
  <reporter-output>
  </reporter-output>
  <suite started-at="2019-12-20T03:47:58Z" name="VRMaker Automation Test" finished-at="2019-12-20T03:51:52Z" duration-ms="233611">
    <groups>
    </groups>
    <test started-at="2019-12-20T03:47:58Z" name="regression test" finished-at="2019-12-20T03:51:52Z" duration-ms="233611">
      <class name="cases.InvalidLoginTest">
        <test-method is-config="true" signature="setup(java.lang.String, java.lang.String)[pri:0, instance:cases.InvalidLoginTest@2e6a8155]" started-at="2019-12-20T11:47:58Z" name="setup" finished-at="2019-12-20T11:48:19Z" duration-ms="20662" status="PASS">
          <params>
            <param index="0">
              <value>
                <![CDATA[joy@staging.com.tw]]>
              </value>
            </param>
            <param index="1">
              <value>
                <![CDATA[000000]]>
              </value>
            </param>
          </params>
          <reporter-output>
          </reporter-output>
        </test-method> <!-- setup -->
        <test-method signature="runTest()[pri:0, instance:cases.InvalidLoginTest@2e6a8155]" started-at="2019-12-20T11:48:19Z" name="runTest" finished-at="2019-12-20T11:48:54Z" duration-ms="35526" status="FAIL">
          <exception class="org.testng.TestNGException">
            <message>
              <![CDATA[org.openqa.selenium.TimeoutException: Expected condition failed: waiting for util.Element$2@264ff4b0 (tried for 30 second(s) with 500 milliseconds interval)]]>
            </message>
            <full-stacktrace>
              <![CDATA[org.testng.TestNGException: org.openqa.selenium.TimeoutException: Expected condition failed: waiting for util.Element$2@264ff4b0 (tried for 30 second(s) with 500 milliseconds interval)
	at util.Element.getErrorMessageToast(Element.java:111)
	at element.FindElementForInvalidLogin.findElement(FindElementForInvalidLogin.java:23)
	at tasks.InvalidLogin.invalidLogin(InvalidLogin.java:24)
	at cases.InvalidLoginTest.runTest(InvalidLoginTest.java:13)
	at java.base/jdk.internal.reflect.NativeMethodAccessorImpl.invoke0(Native Method)
	at java.base/jdk.internal.reflect.NativeMethodAccessorImpl.invoke(NativeMethodAccessorImpl.java:62)
	at java.base/jdk.internal.reflect.DelegatingMethodAccessorImpl.invoke(DelegatingMethodAccessorImpl.java:43)
	at java.base/java.lang.reflect.Method.invoke(Method.java:564)
	at org.testng.internal.MethodInvocationHelper.invokeMethod(MethodInvocationHelper.java:84)
	at org.testng.internal.Invoker.invokeMethod(Invoker.java:714)
	at org.testng.internal.Invoker.invokeTestMethod(Invoker.java:901)
	at org.testng.internal.Invoker.invokeTestMethods(Invoker.java:1231)
	at org.testng.internal.TestMethodWorker.invokeTestMethods(TestMethodWorker.java:127)
	at org.testng.internal.TestMethodWorker.run(TestMethodWorker.java:111)
	at org.testng.TestRunner.privateRun(TestRunner.java:767)
	at org.testng.TestRunner.run(TestRunner.java:617)
	at org.testng.SuiteRunner.runTest(SuiteRunner.java:334)
	at org.testng.SuiteRunner.access$000(SuiteRunner.java:37)
	at org.testng.SuiteRunner$SuiteWorker.run(SuiteRunner.java:368)
	at org.testng.internal.thread.ThreadUtil$2.call(ThreadUtil.java:64)
	at java.base/java.util.concurrent.FutureTask.run(FutureTask.java:264)
	at java.base/java.util.concurrent.ThreadPoolExecutor.runWorker(ThreadPoolExecutor.java:1135)
	at java.base/java.util.concurrent.ThreadPoolExecutor$Worker.run(ThreadPoolExecutor.java:635)
	at java.base/java.lang.Thread.run(Thread.java:844)
Caused by: org.openqa.selenium.TimeoutException: Expected condition failed: waiting for util.Element$2@264ff4b0 (tried for 30 second(s) with 500 milliseconds interval)
	at org.openqa.selenium.support.ui.WebDriverWait.timeoutException(WebDriverWait.java:113)
	at org.openqa.selenium.support.ui.FluentWait.until(FluentWait.java:283)
	at util.Element.getErrorMessageToast(Element.java:102)
	... 23 more
Caused by: org.openqa.selenium.NoSuchElementException: An element could not be located on the page using the given search parameters.
For documentation on this error, please visit: http://seleniumhq.org/exceptions/no_such_element.html
Build info: version: '3.14.0', revision: 'aacccce0', time: '2018-08-02T20:13:22.693Z'
System info: host: 'joy-MacBook-Pro.local', ip: '2001:b400:e20a:7599:99f:cf7b:fbdb:3069%en0', os.name: 'Mac OS X', os.arch: 'x86_64', os.version: '10.14.6', java.version: '10.0.1'
Driver info: io.appium.java_client.android.AndroidDriver
Capabilities {appActivity: com.iStaging.vrcameraphone...., appPackage: com.iStaging.vrcameraphone, autoAcceptAlerts: true, autoGrantPermissions: true, automationName: UIAutomator2, chromedriverExecutable: /Users/joyshen/node_modules..., databaseEnabled: false, desired: {appActivity: com.iStaging.vrcameraphone...., appPackage: com.iStaging.vrcameraphone, autoAcceptAlerts: true, autoGrantPermissions: true, automationName: UIAutomator2, chromedriverExecutable: /Users/joyshen/node_modules..., deviceName: SM-G930FD, platformName: android, platformVersion: 8.0.0, resetKeyboard: true, udid: 988633443234585742, unicodeKeyboard: true}, deviceApiLevel: 26, deviceManufacturer: samsung, deviceModel: SM-G930F, deviceName: 988633443234585742, deviceScreenDensity: 480, deviceScreenSize: 1080x1920, deviceUDID: 988633443234585742, javascriptEnabled: true, locationContextEnabled: false, networkConnectionEnabled: true, pixelRatio: 3, platform: LINUX, platformName: Android, platformVersion: 8.0.0, resetKeyboard: true, statBarHeight: 72, takesScreenshot: true, udid: 988633443234585742, unicodeKeyboard: true, viewportRect: {height: 1848, left: 0, top: 72, width: 1080}, warnings: {}, webStorageEnabled: false}
Session ID: 0619f0d4-28b0-45a1-8a9b-60d38bf06da0
*** Element info: {Using=xpath, value=//*[contains(@text, 'User with this email/username does not exist.')]}
	at jdk.internal.reflect.GeneratedConstructorAccessor10.newInstance(Unknown Source)
	at java.base/jdk.internal.reflect.DelegatingConstructorAccessorImpl.newInstance(DelegatingConstructorAccessorImpl.java:45)
	at java.base/java.lang.reflect.Constructor.newInstance(Constructor.java:488)
	at org.openqa.selenium.remote.http.W3CHttpResponseCodec.createException(W3CHttpResponseCodec.java:187)
	at org.openqa.selenium.remote.http.W3CHttpResponseCodec.decode(W3CHttpResponseCodec.java:122)
	at org.openqa.selenium.remote.http.W3CHttpResponseCodec.decode(W3CHttpResponseCodec.java:49)
	at org.openqa.selenium.remote.HttpCommandExecutor.execute(HttpCommandExecutor.java:158)
	at io.appium.java_client.remote.AppiumCommandExecutor.execute(AppiumCommandExecutor.java:231)
	at org.openqa.selenium.remote.RemoteWebDriver.execute(RemoteWebDriver.java:548)
	at io.appium.java_client.DefaultGenericMobileDriver.execute(DefaultGenericMobileDriver.java:42)
	at io.appium.java_client.AppiumDriver.execute(AppiumDriver.java:1)
	at io.appium.java_client.android.AndroidDriver.execute(AndroidDriver.java:1)
	at org.openqa.selenium.remote.RemoteWebDriver.findElement(RemoteWebDriver.java:322)
	at io.appium.java_client.DefaultGenericMobileDriver.findElement(DefaultGenericMobileDriver.java:62)
	at io.appium.java_client.AppiumDriver.findElement(AppiumDriver.java:1)
	at io.appium.java_client.android.AndroidDriver.findElement(AndroidDriver.java:1)
	at org.openqa.selenium.remote.RemoteWebDriver.findElementByXPath(RemoteWebDriver.java:424)
	at io.appium.java_client.DefaultGenericMobileDriver.findElementByXPath(DefaultGenericMobileDriver.java:152)
	at io.appium.java_client.AppiumDriver.findElementByXPath(AppiumDriver.java:1)
	at io.appium.java_client.android.AndroidDriver.findElementByXPath(AndroidDriver.java:1)
	at org.openqa.selenium.By$ByXPath.findElement(By.java:353)
	at org.openqa.selenium.remote.RemoteWebDriver.findElement(RemoteWebDriver.java:314)
	at io.appium.java_client.DefaultGenericMobileDriver.findElement(DefaultGenericMobileDriver.java:58)
	at io.appium.java_client.AppiumDriver.findElement(AppiumDriver.java:1)
	at io.appium.java_client.android.AndroidDriver.findElement(AndroidDriver.java:1)
	at util.Element$2.apply(Element.java:104)
	at util.Element$2.apply(Element.java:1)
	at org.openqa.selenium.support.ui.FluentWait.until(FluentWait.java:260)
	... 24 more
]]>
            </full-stacktrace>
          </exception> <!-- org.testng.TestNGException -->
          <reporter-output>
          </reporter-output>
        </test-method> <!-- runTest -->
        <test-method is-config="true" signature="tearDown(org.testng.ITestResult)[pri:0, instance:cases.InvalidLoginTest@2e6a8155]" started-at="2019-12-20T11:48:54Z" name="tearDown" finished-at="2019-12-20T11:48:56Z" duration-ms="1914" status="PASS">
          <params>
            <param index="0">
              <value>
                <![CDATA[[TestResult name=runTest status=FAILURE method=InvalidLoginTest.runTest()[pri:0, instance:cases.InvalidLoginTest@2e6a8155] output={null}]]]>
              </value>
            </param>
          </params>
          <reporter-output>
          </reporter-output>
        </test-method> <!-- tearDown -->
      </class> <!-- cases.InvalidLoginTest -->
      <class name="cases.AccountLogoutTest">
        <test-method is-config="true" signature="setup(java.lang.String, java.lang.String)[pri:0, instance:cases.AccountLogoutTest@6574a52c]" started-at="2019-12-20T11:50:46Z" name="setup" finished-at="2019-12-20T11:51:06Z" duration-ms="20207" status="PASS">
          <params>
            <param index="0">
              <value>
                <![CDATA[joy@staging.com.tw]]>
              </value>
            </param>
            <param index="1">
              <value>
                <![CDATA[000000]]>
              </value>
            </param>
          </params>
          <reporter-output>
          </reporter-output>
        </test-method> <!-- setup -->
        <test-method signature="runTest()[pri:0, instance:cases.AccountLogoutTest@6574a52c]" started-at="2019-12-20T11:51:06Z" name="runTest" finished-at="2019-12-20T11:51:18Z" duration-ms="12286" status="FAIL">
          <exception class="org.openqa.selenium.TimeoutException">
            <message>
              <![CDATA[Expected condition failed: waiting for element to be clickable: By.id: navi_more (tried for 3 second(s) with 500 milliseconds interval)]]>
            </message>
            <full-stacktrace>
              <![CDATA[org.openqa.selenium.TimeoutException: Expected condition failed: waiting for element to be clickable: By.id: navi_more (tried for 3 second(s) with 500 milliseconds interval)
	at org.openqa.selenium.support.ui.WebDriverWait.timeoutException(WebDriverWait.java:113)
	at org.openqa.selenium.support.ui.FluentWait.until(FluentWait.java:283)
	at util.Element.clickWhenReady(Element.java:35)
	at element.FindElementForAccountLogout.findElement(FindElementForAccountLogout.java:26)
	at tasks.AccountLogout.accountLogout(AccountLogout.java:32)
	at cases.AccountLogoutTest.runTest(AccountLogoutTest.java:29)
	at java.base/jdk.internal.reflect.NativeMethodAccessorImpl.invoke0(Native Method)
	at java.base/jdk.internal.reflect.NativeMethodAccessorImpl.invoke(NativeMethodAccessorImpl.java:62)
	at java.base/jdk.internal.reflect.DelegatingMethodAccessorImpl.invoke(DelegatingMethodAccessorImpl.java:43)
	at java.base/java.lang.reflect.Method.invoke(Method.java:564)
	at org.testng.internal.MethodInvocationHelper.invokeMethod(MethodInvocationHelper.java:84)
	at org.testng.internal.Invoker.invokeMethod(Invoker.java:714)
	at org.testng.internal.Invoker.invokeTestMethod(Invoker.java:901)
	at org.testng.internal.Invoker.invokeTestMethods(Invoker.java:1231)
	at org.testng.internal.TestMethodWorker.invokeTestMethods(TestMethodWorker.java:127)
	at org.testng.internal.TestMethodWorker.run(TestMethodWorker.java:111)
	at org.testng.TestRunner.privateRun(TestRunner.java:767)
	at org.testng.TestRunner.run(TestRunner.java:617)
	at org.testng.SuiteRunner.runTest(SuiteRunner.java:334)
	at org.testng.SuiteRunner.access$000(SuiteRunner.java:37)
	at org.testng.SuiteRunner$SuiteWorker.run(SuiteRunner.java:368)
	at org.testng.internal.thread.ThreadUtil$2.call(ThreadUtil.java:64)
	at java.base/java.util.concurrent.FutureTask.run(FutureTask.java:264)
	at java.base/java.util.concurrent.ThreadPoolExecutor.runWorker(ThreadPoolExecutor.java:1135)
	at java.base/java.util.concurrent.ThreadPoolExecutor$Worker.run(ThreadPoolExecutor.java:635)
	at java.base/java.lang.Thread.run(Thread.java:844)
Caused by: org.openqa.selenium.NoSuchElementException: Cannot locate an element using By.id: navi_more
For documentation on this error, please visit: http://seleniumhq.org/exceptions/no_such_element.html
Build info: version: '3.14.0', revision: 'aacccce0', time: '2018-08-02T20:13:22.693Z'
System info: host: 'joy-MacBook-Pro.local', ip: '2001:b400:e20a:7599:99f:cf7b:fbdb:3069%en0', os.name: 'Mac OS X', os.arch: 'x86_64', os.version: '10.14.6', java.version: '10.0.1'
Driver info: driver.version: unknown
	at org.openqa.selenium.support.ui.ExpectedConditions.lambda$findElement$0(ExpectedConditions.java:896)
	at java.base/java.util.Optional.orElseThrow(Optional.java:397)
	at org.openqa.selenium.support.ui.ExpectedConditions.findElement(ExpectedConditions.java:895)
	at org.openqa.selenium.support.ui.ExpectedConditions.access$000(ExpectedConditions.java:44)
	at org.openqa.selenium.support.ui.ExpectedConditions$7.apply(ExpectedConditions.java:206)
	at org.openqa.selenium.support.ui.ExpectedConditions$7.apply(ExpectedConditions.java:202)
	at org.openqa.selenium.support.ui.ExpectedConditions$22.apply(ExpectedConditions.java:657)
	at org.openqa.selenium.support.ui.ExpectedConditions$22.apply(ExpectedConditions.java:654)
	at org.openqa.selenium.support.ui.FluentWait.until(FluentWait.java:260)
	... 24 more
]]>
            </full-stacktrace>
          </exception> <!-- org.openqa.selenium.TimeoutException -->
          <reporter-output>
          </reporter-output>
        </test-method> <!-- runTest -->
        <test-method is-config="true" signature="tearDown(org.testng.ITestResult)[pri:0, instance:cases.AccountLogoutTest@6574a52c]" started-at="2019-12-20T11:51:18Z" name="tearDown" finished-at="2019-12-20T11:51:19Z" duration-ms="1424" status="PASS">
          <params>
            <param index="0">
              <value>
                <![CDATA[[TestResult name=runTest status=FAILURE method=AccountLogoutTest.runTest()[pri:0, instance:cases.AccountLogoutTest@6574a52c] output={null}]]]>
              </value>
            </param>
          </params>
          <reporter-output>
          </reporter-output>
        </test-method> <!-- tearDown -->
      </class> <!-- cases.AccountLogoutTest -->
      <class name="cases.AccountLoginTest">
        <test-method is-config="true" signature="setup(java.lang.String, java.lang.String)[pri:0, instance:cases.AccountLoginTest@13e344d]" started-at="2019-12-20T11:50:13Z" name="setup" finished-at="2019-12-20T11:50:32Z" duration-ms="18420" status="PASS">
          <params>
            <param index="0">
              <value>
                <![CDATA[joy@staging.com.tw]]>
              </value>
            </param>
            <param index="1">
              <value>
                <![CDATA[000000]]>
              </value>
            </param>
          </params>
          <reporter-output>
          </reporter-output>
        </test-method> <!-- setup -->
        <test-method signature="runTest()[pri:0, instance:cases.AccountLoginTest@13e344d]" started-at="2019-12-20T11:50:32Z" name="runTest" finished-at="2019-12-20T11:50:44Z" duration-ms="12172" status="FAIL">
          <exception class="org.openqa.selenium.TimeoutException">
            <message>
              <![CDATA[Expected condition failed: waiting for element to be clickable: By.id: tabLivetour (tried for 3 second(s) with 500 milliseconds interval)]]>
            </message>
            <full-stacktrace>
              <![CDATA[org.openqa.selenium.TimeoutException: Expected condition failed: waiting for element to be clickable: By.id: tabLivetour (tried for 3 second(s) with 500 milliseconds interval)
	at org.openqa.selenium.support.ui.WebDriverWait.timeoutException(WebDriverWait.java:113)
	at org.openqa.selenium.support.ui.FluentWait.until(FluentWait.java:283)
	at util.Element.isDisplayed(Element.java:75)
	at element.FindElementForAccountLogin.findElement(FindElementForAccountLogin.java:24)
	at tasks.AccountLogin.accountLogin(AccountLogin.java:22)
	at cases.AccountLoginTest.runTest(AccountLoginTest.java:84)
	at java.base/jdk.internal.reflect.NativeMethodAccessorImpl.invoke0(Native Method)
	at java.base/jdk.internal.reflect.NativeMethodAccessorImpl.invoke(NativeMethodAccessorImpl.java:62)
	at java.base/jdk.internal.reflect.DelegatingMethodAccessorImpl.invoke(DelegatingMethodAccessorImpl.java:43)
	at java.base/java.lang.reflect.Method.invoke(Method.java:564)
	at org.testng.internal.MethodInvocationHelper.invokeMethod(MethodInvocationHelper.java:84)
	at org.testng.internal.Invoker.invokeMethod(Invoker.java:714)
	at org.testng.internal.Invoker.invokeTestMethod(Invoker.java:901)
	at org.testng.internal.Invoker.invokeTestMethods(Invoker.java:1231)
	at org.testng.internal.TestMethodWorker.invokeTestMethods(TestMethodWorker.java:127)
	at org.testng.internal.TestMethodWorker.run(TestMethodWorker.java:111)
	at org.testng.TestRunner.privateRun(TestRunner.java:767)
	at org.testng.TestRunner.run(TestRunner.java:617)
	at org.testng.SuiteRunner.runTest(SuiteRunner.java:334)
	at org.testng.SuiteRunner.access$000(SuiteRunner.java:37)
	at org.testng.SuiteRunner$SuiteWorker.run(SuiteRunner.java:368)
	at org.testng.internal.thread.ThreadUtil$2.call(ThreadUtil.java:64)
	at java.base/java.util.concurrent.FutureTask.run(FutureTask.java:264)
	at java.base/java.util.concurrent.ThreadPoolExecutor.runWorker(ThreadPoolExecutor.java:1135)
	at java.base/java.util.concurrent.ThreadPoolExecutor$Worker.run(ThreadPoolExecutor.java:635)
	at java.base/java.lang.Thread.run(Thread.java:844)
Caused by: org.openqa.selenium.NoSuchElementException: Cannot locate an element using By.id: tabLivetour
For documentation on this error, please visit: http://seleniumhq.org/exceptions/no_such_element.html
Build info: version: '3.14.0', revision: 'aacccce0', time: '2018-08-02T20:13:22.693Z'
System info: host: 'joy-MacBook-Pro.local', ip: '2001:b400:e20a:7599:99f:cf7b:fbdb:3069%en0', os.name: 'Mac OS X', os.arch: 'x86_64', os.version: '10.14.6', java.version: '10.0.1'
Driver info: driver.version: unknown
	at org.openqa.selenium.support.ui.ExpectedConditions.lambda$findElement$0(ExpectedConditions.java:896)
	at java.base/java.util.Optional.orElseThrow(Optional.java:397)
	at org.openqa.selenium.support.ui.ExpectedConditions.findElement(ExpectedConditions.java:895)
	at org.openqa.selenium.support.ui.ExpectedConditions.access$000(ExpectedConditions.java:44)
	at org.openqa.selenium.support.ui.ExpectedConditions$7.apply(ExpectedConditions.java:206)
	at org.openqa.selenium.support.ui.ExpectedConditions$7.apply(ExpectedConditions.java:202)
	at org.openqa.selenium.support.ui.ExpectedConditions$22.apply(ExpectedConditions.java:657)
	at org.openqa.selenium.support.ui.ExpectedConditions$22.apply(ExpectedConditions.java:654)
	at org.openqa.selenium.support.ui.FluentWait.until(FluentWait.java:260)
	... 24 more
]]>
            </full-stacktrace>
          </exception> <!-- org.openqa.selenium.TimeoutException -->
          <reporter-output>
          </reporter-output>
        </test-method> <!-- runTest -->
        <test-method is-config="true" signature="tearDown(org.testng.ITestResult)[pri:0, instance:cases.AccountLoginTest@13e344d]" started-at="2019-12-20T11:50:44Z" name="tearDown" finished-at="2019-12-20T11:50:46Z" duration-ms="1458" status="PASS">
          <params>
            <param index="0">
              <value>
                <![CDATA[[TestResult name=runTest status=FAILURE method=AccountLoginTest.runTest()[pri:0, instance:cases.AccountLoginTest@13e344d] output={null}]]]>
              </value>
            </param>
          </params>
          <reporter-output>
          </reporter-output>
        </test-method> <!-- tearDown -->
      </class> <!-- cases.AccountLoginTest -->
      <class name="cases.WelcomePageTest">
        <test-method is-config="true" signature="setup(java.lang.String, java.lang.String)[pri:0, instance:cases.WelcomePageTest@45099dd3]" started-at="2019-12-20T11:48:56Z" name="setup" finished-at="2019-12-20T11:49:16Z" duration-ms="19299" status="PASS">
          <params>
            <param index="0">
              <value>
                <![CDATA[joy@staging.com.tw]]>
              </value>
            </param>
            <param index="1">
              <value>
                <![CDATA[000000]]>
              </value>
            </param>
          </params>
          <reporter-output>
          </reporter-output>
        </test-method> <!-- setup -->
        <test-method signature="runTest()[pri:0, instance:cases.WelcomePageTest@45099dd3]" started-at="2019-12-20T11:49:16Z" name="runTest" finished-at="2019-12-20T11:49:39Z" duration-ms="23138" status="FAIL">
          <exception class="org.openqa.selenium.TimeoutException">
            <message>
              <![CDATA[Expected condition failed: waiting for element to be clickable: By.id: tabLivetour (tried for 3 second(s) with 500 milliseconds interval)]]>
            </message>
            <full-stacktrace>
              <![CDATA[org.openqa.selenium.TimeoutException: Expected condition failed: waiting for element to be clickable: By.id: tabLivetour (tried for 3 second(s) with 500 milliseconds interval)
	at org.openqa.selenium.support.ui.WebDriverWait.timeoutException(WebDriverWait.java:113)
	at org.openqa.selenium.support.ui.FluentWait.until(FluentWait.java:283)
	at util.Element.isDisplayed(Element.java:75)
	at element.FindElementForWelcomePage.findElement(FindElementForWelcomePage.java:25)
	at tasks.WelcomePage.welcomePage(WelcomePage.java:23)
	at cases.WelcomePageTest.runTest(WelcomePageTest.java:14)
	at java.base/jdk.internal.reflect.NativeMethodAccessorImpl.invoke0(Native Method)
	at java.base/jdk.internal.reflect.NativeMethodAccessorImpl.invoke(NativeMethodAccessorImpl.java:62)
	at java.base/jdk.internal.reflect.DelegatingMethodAccessorImpl.invoke(DelegatingMethodAccessorImpl.java:43)
	at java.base/java.lang.reflect.Method.invoke(Method.java:564)
	at org.testng.internal.MethodInvocationHelper.invokeMethod(MethodInvocationHelper.java:84)
	at org.testng.internal.Invoker.invokeMethod(Invoker.java:714)
	at org.testng.internal.Invoker.invokeTestMethod(Invoker.java:901)
	at org.testng.internal.Invoker.invokeTestMethods(Invoker.java:1231)
	at org.testng.internal.TestMethodWorker.invokeTestMethods(TestMethodWorker.java:127)
	at org.testng.internal.TestMethodWorker.run(TestMethodWorker.java:111)
	at org.testng.TestRunner.privateRun(TestRunner.java:767)
	at org.testng.TestRunner.run(TestRunner.java:617)
	at org.testng.SuiteRunner.runTest(SuiteRunner.java:334)
	at org.testng.SuiteRunner.access$000(SuiteRunner.java:37)
	at org.testng.SuiteRunner$SuiteWorker.run(SuiteRunner.java:368)
	at org.testng.internal.thread.ThreadUtil$2.call(ThreadUtil.java:64)
	at java.base/java.util.concurrent.FutureTask.run(FutureTask.java:264)
	at java.base/java.util.concurrent.ThreadPoolExecutor.runWorker(ThreadPoolExecutor.java:1135)
	at java.base/java.util.concurrent.ThreadPoolExecutor$Worker.run(ThreadPoolExecutor.java:635)
	at java.base/java.lang.Thread.run(Thread.java:844)
Caused by: org.openqa.selenium.NoSuchElementException: Cannot locate an element using By.id: tabLivetour
For documentation on this error, please visit: http://seleniumhq.org/exceptions/no_such_element.html
Build info: version: '3.14.0', revision: 'aacccce0', time: '2018-08-02T20:13:22.693Z'
System info: host: 'joy-MacBook-Pro.local', ip: '2001:b400:e20a:7599:99f:cf7b:fbdb:3069%en0', os.name: 'Mac OS X', os.arch: 'x86_64', os.version: '10.14.6', java.version: '10.0.1'
Driver info: driver.version: unknown
	at org.openqa.selenium.support.ui.ExpectedConditions.lambda$findElement$0(ExpectedConditions.java:896)
	at java.base/java.util.Optional.orElseThrow(Optional.java:397)
	at org.openqa.selenium.support.ui.ExpectedConditions.findElement(ExpectedConditions.java:895)
	at org.openqa.selenium.support.ui.ExpectedConditions.access$000(ExpectedConditions.java:44)
	at org.openqa.selenium.support.ui.ExpectedConditions$7.apply(ExpectedConditions.java:206)
	at org.openqa.selenium.support.ui.ExpectedConditions$7.apply(ExpectedConditions.java:202)
	at org.openqa.selenium.support.ui.ExpectedConditions$22.apply(ExpectedConditions.java:657)
	at org.openqa.selenium.support.ui.ExpectedConditions$22.apply(ExpectedConditions.java:654)
	at org.openqa.selenium.support.ui.FluentWait.until(FluentWait.java:260)
	... 24 more
]]>
            </full-stacktrace>
          </exception> <!-- org.openqa.selenium.TimeoutException -->
          <reporter-output>
          </reporter-output>
        </test-method> <!-- runTest -->
        <test-method is-config="true" signature="tearDown(org.testng.ITestResult)[pri:0, instance:cases.WelcomePageTest@45099dd3]" started-at="2019-12-20T11:49:39Z" name="tearDown" finished-at="2019-12-20T11:49:40Z" duration-ms="1658" status="PASS">
          <params>
            <param index="0">
              <value>
                <![CDATA[[TestResult name=runTest status=FAILURE method=WelcomePageTest.runTest()[pri:0, instance:cases.WelcomePageTest@45099dd3] output={null}]]]>
              </value>
            </param>
          </params>
          <reporter-output>
          </reporter-output>
        </test-method> <!-- tearDown -->
      </class> <!-- cases.WelcomePageTest -->
      <class name="cases.DeleteLiveTourTest">
        <test-method is-config="true" signature="setup(java.lang.String, java.lang.String)[pri:0, instance:cases.DeleteLiveTourTest@6c1a5b54]" started-at="2019-12-20T11:49:40Z" name="setup" finished-at="2019-12-20T11:49:59Z" duration-ms="18648" status="PASS">
          <params>
            <param index="0">
              <value>
                <![CDATA[joy@staging.com.tw]]>
              </value>
            </param>
            <param index="1">
              <value>
                <![CDATA[000000]]>
              </value>
            </param>
          </params>
          <reporter-output>
          </reporter-output>
        </test-method> <!-- setup -->
        <test-method signature="runTest()[pri:0, instance:cases.DeleteLiveTourTest@6c1a5b54]" started-at="2019-12-20T11:49:59Z" name="runTest" finished-at="2019-12-20T11:50:12Z" duration-ms="12886" status="FAIL">
          <exception class="org.openqa.selenium.TimeoutException">
            <message>
              <![CDATA[Expected condition failed: waiting for element to be clickable: By.id: textView12 (tried for 3 second(s) with 500 milliseconds interval)]]>
            </message>
            <full-stacktrace>
              <![CDATA[org.openqa.selenium.TimeoutException: Expected condition failed: waiting for element to be clickable: By.id: textView12 (tried for 3 second(s) with 500 milliseconds interval)
	at org.openqa.selenium.support.ui.WebDriverWait.timeoutException(WebDriverWait.java:113)
	at org.openqa.selenium.support.ui.FluentWait.until(FluentWait.java:283)
	at util.Element.clickWhenReady(Element.java:35)
	at element.FindElementForDeleteLiveTour.findElement(FindElementForDeleteLiveTour.java:29)
	at tasks.DeleteLiveTour.deleteLiveTour(DeleteLiveTour.java:23)
	at cases.DeleteLiveTourTest.runTest(DeleteLiveTourTest.java:13)
	at java.base/jdk.internal.reflect.NativeMethodAccessorImpl.invoke0(Native Method)
	at java.base/jdk.internal.reflect.NativeMethodAccessorImpl.invoke(NativeMethodAccessorImpl.java:62)
	at java.base/jdk.internal.reflect.DelegatingMethodAccessorImpl.invoke(DelegatingMethodAccessorImpl.java:43)
	at java.base/java.lang.reflect.Method.invoke(Method.java:564)
	at org.testng.internal.MethodInvocationHelper.invokeMethod(MethodInvocationHelper.java:84)
	at org.testng.internal.Invoker.invokeMethod(Invoker.java:714)
	at org.testng.internal.Invoker.invokeTestMethod(Invoker.java:901)
	at org.testng.internal.Invoker.invokeTestMethods(Invoker.java:1231)
	at org.testng.internal.TestMethodWorker.invokeTestMethods(TestMethodWorker.java:127)
	at org.testng.internal.TestMethodWorker.run(TestMethodWorker.java:111)
	at org.testng.TestRunner.privateRun(TestRunner.java:767)
	at org.testng.TestRunner.run(TestRunner.java:617)
	at org.testng.SuiteRunner.runTest(SuiteRunner.java:334)
	at org.testng.SuiteRunner.access$000(SuiteRunner.java:37)
	at org.testng.SuiteRunner$SuiteWorker.run(SuiteRunner.java:368)
	at org.testng.internal.thread.ThreadUtil$2.call(ThreadUtil.java:64)
	at java.base/java.util.concurrent.FutureTask.run(FutureTask.java:264)
	at java.base/java.util.concurrent.ThreadPoolExecutor.runWorker(ThreadPoolExecutor.java:1135)
	at java.base/java.util.concurrent.ThreadPoolExecutor$Worker.run(ThreadPoolExecutor.java:635)
	at java.base/java.lang.Thread.run(Thread.java:844)
Caused by: org.openqa.selenium.NoSuchElementException: Cannot locate an element using By.id: textView12
For documentation on this error, please visit: http://seleniumhq.org/exceptions/no_such_element.html
Build info: version: '3.14.0', revision: 'aacccce0', time: '2018-08-02T20:13:22.693Z'
System info: host: 'joy-MacBook-Pro.local', ip: '2001:b400:e20a:7599:99f:cf7b:fbdb:3069%en0', os.name: 'Mac OS X', os.arch: 'x86_64', os.version: '10.14.6', java.version: '10.0.1'
Driver info: driver.version: unknown
	at org.openqa.selenium.support.ui.ExpectedConditions.lambda$findElement$0(ExpectedConditions.java:896)
	at java.base/java.util.Optional.orElseThrow(Optional.java:397)
	at org.openqa.selenium.support.ui.ExpectedConditions.findElement(ExpectedConditions.java:895)
	at org.openqa.selenium.support.ui.ExpectedConditions.access$000(ExpectedConditions.java:44)
	at org.openqa.selenium.support.ui.ExpectedConditions$7.apply(ExpectedConditions.java:206)
	at org.openqa.selenium.support.ui.ExpectedConditions$7.apply(ExpectedConditions.java:202)
	at org.openqa.selenium.support.ui.ExpectedConditions$22.apply(ExpectedConditions.java:657)
	at org.openqa.selenium.support.ui.ExpectedConditions$22.apply(ExpectedConditions.java:654)
	at org.openqa.selenium.support.ui.FluentWait.until(FluentWait.java:260)
	... 24 more
]]>
            </full-stacktrace>
          </exception> <!-- org.openqa.selenium.TimeoutException -->
          <reporter-output>
          </reporter-output>
        </test-method> <!-- runTest -->
        <test-method is-config="true" signature="tearDown(org.testng.ITestResult)[pri:0, instance:cases.DeleteLiveTourTest@6c1a5b54]" started-at="2019-12-20T11:50:12Z" name="tearDown" finished-at="2019-12-20T11:50:13Z" duration-ms="1447" status="PASS">
          <params>
            <param index="0">
              <value>
                <![CDATA[[TestResult name=runTest status=FAILURE method=DeleteLiveTourTest.runTest()[pri:0, instance:cases.DeleteLiveTourTest@6c1a5b54] output={null}]]]>
              </value>
            </param>
          </params>
          <reporter-output>
          </reporter-output>
        </test-method> <!-- tearDown -->
      </class> <!-- cases.DeleteLiveTourTest -->
      <class name="cases.CreateNewLiveTourTest">
        <test-method is-config="true" signature="setup(java.lang.String, java.lang.String)[pri:0, instance:cases.CreateNewLiveTourTest@1ffaf86]" started-at="2019-12-20T11:51:19Z" name="setup" finished-at="2019-12-20T11:51:38Z" duration-ms="18301" status="PASS">
          <params>
            <param index="0">
              <value>
                <![CDATA[joy@staging.com.tw]]>
              </value>
            </param>
            <param index="1">
              <value>
                <![CDATA[000000]]>
              </value>
            </param>
          </params>
          <reporter-output>
          </reporter-output>
        </test-method> <!-- setup -->
        <test-method signature="runTest()[pri:0, instance:cases.CreateNewLiveTourTest@1ffaf86]" started-at="2019-12-20T11:51:38Z" name="runTest" finished-at="2019-12-20T11:51:50Z" duration-ms="12631" status="FAIL">
          <exception class="org.openqa.selenium.TimeoutException">
            <message>
              <![CDATA[Expected condition failed: waiting for element to be clickable: By.id: textView12 (tried for 3 second(s) with 500 milliseconds interval)]]>
            </message>
            <full-stacktrace>
              <![CDATA[org.openqa.selenium.TimeoutException: Expected condition failed: waiting for element to be clickable: By.id: textView12 (tried for 3 second(s) with 500 milliseconds interval)
	at org.openqa.selenium.support.ui.WebDriverWait.timeoutException(WebDriverWait.java:113)
	at org.openqa.selenium.support.ui.FluentWait.until(FluentWait.java:283)
	at util.Element.clickWhenReady(Element.java:35)
	at element.FindElementForCreateNewLiveTour.findElement(FindElementForCreateNewLiveTour.java:25)
	at tasks.CreateNewLiveTour.createNewLiveTour(CreateNewLiveTour.java:34)
	at cases.CreateNewLiveTourTest.runTest(CreateNewLiveTourTest.java:30)
	at java.base/jdk.internal.reflect.NativeMethodAccessorImpl.invoke0(Native Method)
	at java.base/jdk.internal.reflect.NativeMethodAccessorImpl.invoke(NativeMethodAccessorImpl.java:62)
	at java.base/jdk.internal.reflect.DelegatingMethodAccessorImpl.invoke(DelegatingMethodAccessorImpl.java:43)
	at java.base/java.lang.reflect.Method.invoke(Method.java:564)
	at org.testng.internal.MethodInvocationHelper.invokeMethod(MethodInvocationHelper.java:84)
	at org.testng.internal.Invoker.invokeMethod(Invoker.java:714)
	at org.testng.internal.Invoker.invokeTestMethod(Invoker.java:901)
	at org.testng.internal.Invoker.invokeTestMethods(Invoker.java:1231)
	at org.testng.internal.TestMethodWorker.invokeTestMethods(TestMethodWorker.java:127)
	at org.testng.internal.TestMethodWorker.run(TestMethodWorker.java:111)
	at org.testng.TestRunner.privateRun(TestRunner.java:767)
	at org.testng.TestRunner.run(TestRunner.java:617)
	at org.testng.SuiteRunner.runTest(SuiteRunner.java:334)
	at org.testng.SuiteRunner.access$000(SuiteRunner.java:37)
	at org.testng.SuiteRunner$SuiteWorker.run(SuiteRunner.java:368)
	at org.testng.internal.thread.ThreadUtil$2.call(ThreadUtil.java:64)
	at java.base/java.util.concurrent.FutureTask.run(FutureTask.java:264)
	at java.base/java.util.concurrent.ThreadPoolExecutor.runWorker(ThreadPoolExecutor.java:1135)
	at java.base/java.util.concurrent.ThreadPoolExecutor$Worker.run(ThreadPoolExecutor.java:635)
	at java.base/java.lang.Thread.run(Thread.java:844)
Caused by: org.openqa.selenium.NoSuchElementException: Cannot locate an element using By.id: textView12
For documentation on this error, please visit: http://seleniumhq.org/exceptions/no_such_element.html
Build info: version: '3.14.0', revision: 'aacccce0', time: '2018-08-02T20:13:22.693Z'
System info: host: 'joy-MacBook-Pro.local', ip: '2001:b400:e20a:7599:99f:cf7b:fbdb:3069%en0', os.name: 'Mac OS X', os.arch: 'x86_64', os.version: '10.14.6', java.version: '10.0.1'
Driver info: driver.version: unknown
	at org.openqa.selenium.support.ui.ExpectedConditions.lambda$findElement$0(ExpectedConditions.java:896)
	at java.base/java.util.Optional.orElseThrow(Optional.java:397)
	at org.openqa.selenium.support.ui.ExpectedConditions.findElement(ExpectedConditions.java:895)
	at org.openqa.selenium.support.ui.ExpectedConditions.access$000(ExpectedConditions.java:44)
	at org.openqa.selenium.support.ui.ExpectedConditions$7.apply(ExpectedConditions.java:206)
	at org.openqa.selenium.support.ui.ExpectedConditions$7.apply(ExpectedConditions.java:202)
	at org.openqa.selenium.support.ui.ExpectedConditions$22.apply(ExpectedConditions.java:657)
	at org.openqa.selenium.support.ui.ExpectedConditions$22.apply(ExpectedConditions.java:654)
	at org.openqa.selenium.support.ui.FluentWait.until(FluentWait.java:260)
	... 24 more
]]>
            </full-stacktrace>
          </exception> <!-- org.openqa.selenium.TimeoutException -->
          <reporter-output>
          </reporter-output>
        </test-method> <!-- runTest -->
        <test-method is-config="true" signature="tearDown(org.testng.ITestResult)[pri:0, instance:cases.CreateNewLiveTourTest@1ffaf86]" started-at="2019-12-20T11:51:50Z" name="tearDown" finished-at="2019-12-20T11:51:52Z" duration-ms="1504" status="PASS">
          <params>
            <param index="0">
              <value>
                <![CDATA[[TestResult name=runTest status=FAILURE method=CreateNewLiveTourTest.runTest()[pri:0, instance:cases.CreateNewLiveTourTest@1ffaf86] output={null}]]]>
              </value>
            </param>
          </params>
          <reporter-output>
          </reporter-output>
        </test-method> <!-- tearDown -->
      </class> <!-- cases.CreateNewLiveTourTest -->
    </test> <!-- regression test -->
  </suite> <!-- VRMaker Automation Test -->
</testng-results>
